<?xml version="1.0" encoding="UTF-8"?>
<!-- Generated by org.testng.reporters.JUnitReportReporter -->
<testsuite skipped="0" hostname="ws-acosanchez" name="com.my_qa_guide.demo.Test2" tests="1" failures="0" timestamp="28 mar 2018 11:31:26 GMT" time="0.000" errors="0">
  <testcase name="testSalutationMessage" time="0.000" classname="com.my_qa_guide.demo.Test2"/>
</testsuite> <!-- com.my_qa_guide.demo.Test2 -->
