<?xml version="1.0" encoding="UTF-8"?>
<!-- Generated by org.testng.reporters.JUnitReportReporter -->
<testsuite skipped="1" hostname="ws-acosanchez" name="com.my_qa_guide.demo.Test1" tests="2" failures="0" timestamp="02 abr 2018 06:37:27 GMT" time="0.010" errors="0">
  <testcase name="testPrintMessage" time="0.010" classname="com.my_qa_guide.demo.Test1"/>
  <testcase name="ignoredTest" classname="com.my_qa_guide.demo.Test1">
    <skipped/>
  </testcase> <!-- ignoredTest -->
</testsuite> <!-- com.my_qa_guide.demo.Test1 -->
