<?xml version="1.0" encoding="UTF-8"?>
<!-- Generated by org.testng.reporters.JUnitReportReporter -->
<testsuite skipped="0" hostname="ws-acosanchez" name="com.my_qa_guide.Using_Selectors.demo.AppTest" tests="1" failures="0" timestamp="03 abr 2018 14:17:16 GMT" time="0.005" errors="0">
  <testcase name="testApp" time="0.005" classname="com.my_qa_guide.Using_Selectors.demo.AppTest"/>
</testsuite> <!-- com.my_qa_guide.Using_Selectors.demo.AppTest -->
