<?xml version="1.0" encoding="UTF-8"?>
<!-- Generated by org.testng.reporters.JUnitReportReporter -->
<testsuite skipped="0" hostname="ws-acosanchez" name="com.my_qa_guide.Dependeny_Test.demo.DependencyTestUsingAnnotationDependsOnGroups" tests="3" failures="0" timestamp="02 abr 2018 08:54:37 GMT" time="0.002" errors="0">
  <testcase name="testPrintMessage" time="0.001" classname="com.my_qa_guide.Dependeny_Test.demo.DependencyTestUsingAnnotationDependsOnGroups"/>
  <testcase name="initEnvironmentTest" time="0.000" classname="com.my_qa_guide.Dependeny_Test.demo.DependencyTestUsingAnnotationDependsOnGroups"/>
  <testcase name="testSalutationMessage" time="0.001" classname="com.my_qa_guide.Dependeny_Test.demo.DependencyTestUsingAnnotationDependsOnGroups"/>
</testsuite> <!-- com.my_qa_guide.Dependeny_Test.demo.DependencyTestUsingAnnotationDependsOnGroups -->
