<?xml version="1.0" encoding="UTF-8"?>
<!-- Generated by org.testng.reporters.JUnitReportReporter -->
<testsuite skipped="0" hostname="ws-acosanchez" name="com.my_qa_guide.TestNg_First_Test.demo.FirstAnnotationsTest" tests="1" failures="0" timestamp="09 abr 2018 11:06:33 GMT" time="7.509" errors="0">
  <testcase name="testNgAnnotationsFlow" time="7.509" classname="com.my_qa_guide.TestNg_First_Test.demo.FirstAnnotationsTest"/>
</testsuite> <!-- com.my_qa_guide.TestNg_First_Test.demo.FirstAnnotationsTest -->
