<?xml version="1.0" encoding="UTF-8"?>
<!-- Generated by org.testng.reporters.JUnitReportReporter -->
<testsuite skipped="0" hostname="ws-acosanchez" name="com.my_qa_guide.Elements_Basics.demo.ElementsBasicsTest" tests="1" failures="0" timestamp="09 abr 2018 11:27:27 GMT" time="5.170" errors="0">
  <testcase name="elementsBasics" time="5.170" classname="com.my_qa_guide.Elements_Basics.demo.ElementsBasicsTest"/>
</testsuite> <!-- com.my_qa_guide.Elements_Basics.demo.ElementsBasicsTest -->
