<?xml version="1.0" encoding="UTF-8"?>
<!-- Generated by org.testng.reporters.JUnitReportReporter -->
<testsuite skipped="0" hostname="ws-acosanchez" name="com.my_qa_guide.Using_Selectors.demo.UsingSelectorsTest" tests="1" failures="0" timestamp="09 abr 2018 11:33:19 GMT" time="15.111" errors="0">
  <testcase name="selectorsBasic" time="15.111" classname="com.my_qa_guide.Using_Selectors.demo.UsingSelectorsTest"/>
</testsuite> <!-- com.my_qa_guide.Using_Selectors.demo.UsingSelectorsTest -->
