<?xml version="1.0" encoding="UTF-8"?>
<!-- Generated by org.testng.reporters.JUnitReportReporter -->
<testsuite skipped="0" hostname="ws-acosanchez" name="com.my_qa_guide.Using_Selectors.demo.UsingSelectors" tests="1" failures="0" timestamp="03 abr 2018 14:15:55 GMT" time="18.035" errors="0">
  <testcase name="selectorsBasic" time="18.035" classname="com.my_qa_guide.Using_Selectors.demo.UsingSelectors"/>
</testsuite> <!-- com.my_qa_guide.Using_Selectors.demo.UsingSelectors -->
