<?xml version="1.0" encoding="UTF-8"?>
<!-- Generated by org.testng.reporters.JUnitReportReporter -->
<testsuite skipped="0" hostname="ws-acosanchez" name="com.my_qa_guide.demo.TestngAnnotation" tests="2" failures="0" timestamp="28 mar 2018 11:03:54 GMT" time="0.006" errors="0">
  <testcase name="testCase2" time="0.001" classname="com.my_qa_guide.demo.TestngAnnotation"/>
  <testcase name="testCase1" time="0.005" classname="com.my_qa_guide.demo.TestngAnnotation"/>
</testsuite> <!-- com.my_qa_guide.demo.TestngAnnotation -->
