<?xml version="1.0" encoding="UTF-8"?>
<!-- Generated by org.testng.reporters.JUnitReportReporter -->
<testsuite skipped="0" hostname="ws-acosanchez" name="com.my_qa_guide.Driver_Basics.demo.DriverBasicsTest" tests="1" failures="0" timestamp="03 abr 2018 08:45:13 GMT" time="44.745" errors="0">
  <testcase name="driverBasics" time="44.745" classname="com.my_qa_guide.Driver_Basics.demo.DriverBasicsTest"/>
</testsuite> <!-- com.my_qa_guide.Driver_Basics.demo.DriverBasicsTest -->
