<?xml version="1.0" encoding="UTF-8"?>
<!-- Generated by org.testng.reporters.JUnitReportReporter -->
<testsuite skipped="0" hostname="ws-acosanchez" name="com.my_qa_guide.Dependeny_Test.demo.DependencyTestUsingAnnotationDependsOnMethods" tests="3" failures="0" timestamp="02 abr 2018 08:54:37 GMT" time="0.014" errors="0">
  <testcase name="testSalutationMessage" time="0.001" classname="com.my_qa_guide.Dependeny_Test.demo.DependencyTestUsingAnnotationDependsOnMethods"/>
  <testcase name="testPrintMessage" time="0.003" classname="com.my_qa_guide.Dependeny_Test.demo.DependencyTestUsingAnnotationDependsOnMethods"/>
  <testcase name="initEnvironmentTest" time="0.010" classname="com.my_qa_guide.Dependeny_Test.demo.DependencyTestUsingAnnotationDependsOnMethods"/>
</testsuite> <!-- com.my_qa_guide.Dependeny_Test.demo.DependencyTestUsingAnnotationDependsOnMethods -->
