<?xml version="1.0" encoding="UTF-8"?>
<!-- Generated by org.testng.reporters.JUnitReportReporter -->
<testsuite skipped="0" hostname="ws-acosanchez" name="com.my_qa_guide.Driver_Basics.demo.DriverBasicsTest" tests="1" failures="0" timestamp="09 abr 2018 11:04:53 GMT" time="18.978" errors="0">
  <testcase name="driverBasics" time="18.978" classname="com.my_qa_guide.Driver_Basics.demo.DriverBasicsTest"/>
</testsuite> <!-- com.my_qa_guide.Driver_Basics.demo.DriverBasicsTest -->
