<?xml version="1.0" encoding="UTF-8"?>
<!-- Generated by org.testng.reporters.JUnitReportReporter -->
<testsuite skipped="0" hostname="ws-acosanchez" name="com.my_qa_guide.Parameterized_Test.demo.ParamTestWithDataProvider1" tests="5" failures="0" timestamp="02 abr 2018 09:23:23 GMT" time="0.019" errors="0">
  <testcase name="testPrimeNumberChecker" time="0.007" classname="com.my_qa_guide.Parameterized_Test.demo.ParamTestWithDataProvider1"/>
  <testcase name="testPrimeNumberChecker" time="0.002" classname="com.my_qa_guide.Parameterized_Test.demo.ParamTestWithDataProvider1"/>
  <testcase name="testPrimeNumberChecker" time="0.002" classname="com.my_qa_guide.Parameterized_Test.demo.ParamTestWithDataProvider1"/>
  <testcase name="testPrimeNumberChecker" time="0.007" classname="com.my_qa_guide.Parameterized_Test.demo.ParamTestWithDataProvider1"/>
  <testcase name="testPrimeNumberChecker" time="0.001" classname="com.my_qa_guide.Parameterized_Test.demo.ParamTestWithDataProvider1"/>
</testsuite> <!-- com.my_qa_guide.Parameterized_Test.demo.ParamTestWithDataProvider1 -->
