<?xml version="1.0" encoding="UTF-8"?>
<!-- Generated by org.testng.reporters.JUnitReportReporter -->
<testsuite skipped="0" hostname="ws-acosanchez" name="com.my_qa_guide.Exception_Test.demo.ExpectedExceptionTest" tests="2" failures="0" timestamp="02 abr 2018 07:27:09 GMT" time="0.027" errors="0">
  <testcase name="testPrintMessage" time="0.023" classname="com.my_qa_guide.Exception_Test.demo.ExpectedExceptionTest"/>
  <testcase name="testSalutationMessage" time="0.004" classname="com.my_qa_guide.Exception_Test.demo.ExpectedExceptionTest"/>
</testsuite> <!-- com.my_qa_guide.Exception_Test.demo.ExpectedExceptionTest -->
