<?xml version="1.0" encoding="UTF-8"?>
<!-- Generated by org.testng.reporters.JUnitReportReporter -->
<testsuite skipped="0" hostname="ws-acosanchez" name="com.my_qa_guide.Exception_Test.demo.ExpectedExceptionTest" tests="2" failures="0" timestamp="02 abr 2018 08:56:34 GMT" time="0.022" errors="0">
  <testcase name="testPrintMessage" time="0.019" classname="com.my_qa_guide.Exception_Test.demo.ExpectedExceptionTest"/>
  <testcase name="testSalutationMessage" time="0.003" classname="com.my_qa_guide.Exception_Test.demo.ExpectedExceptionTest"/>
</testsuite> <!-- com.my_qa_guide.Exception_Test.demo.ExpectedExceptionTest -->
