<?xml version="1.0" encoding="UTF-8"?>
<!-- Generated by org.testng.reporters.JUnitReportReporter -->
<testsuite skipped="0" hostname="ws-acosanchez" name="com.my_qa_guide.Elements_Basics.demo.ElementsBasicsTest" tests="1" failures="0" timestamp="03 abr 2018 12:40:24 GMT" time="4.987" errors="0">
  <testcase name="elementsBasics" time="4.987" classname="com.my_qa_guide.Elements_Basics.demo.ElementsBasicsTest"/>
</testsuite> <!-- com.my_qa_guide.Elements_Basics.demo.ElementsBasicsTest -->
