<?xml version="1.0" encoding="UTF-8"?>
<!-- Generated by org.testng.reporters.JUnitReportReporter -->
<testsuite skipped="0" hostname="ws-acosanchez" name="com.my_qa_guide.demo.TestEmployeeDetails" tests="2" failures="0" timestamp="28 mar 2018 10:00:18 GMT" time="0.011" errors="0">
  <testcase name="testCalculateYearlySalary" time="0.000" classname="com.my_qa_guide.demo.TestEmployeeDetails"/>
  <testcase name="testCalculateAppriasal" time="0.011" classname="com.my_qa_guide.demo.TestEmployeeDetails"/>
</testsuite> <!-- com.my_qa_guide.demo.TestEmployeeDetails -->
