<?xml version="1.0" encoding="UTF-8"?>
<!-- Generated by org.testng.reporters.JUnitReportReporter -->
<testsuite skipped="0" hostname="ws-acosanchez" name="com.my_qa_guide.TestNg_First_Test.demo.FirstTestWithAnnotations" tests="1" failures="0" timestamp="03 abr 2018 07:15:07 GMT" time="7.670" errors="0">
  <testcase name="testNgAnnotationsFlow" time="7.670" classname="com.my_qa_guide.TestNg_First_Test.demo.FirstTestWithAnnotations"/>
</testsuite> <!-- com.my_qa_guide.TestNg_First_Test.demo.FirstTestWithAnnotations -->
