<?xml version="1.0" encoding="UTF-8"?>
<!-- Generated by org.testng.reporters.JUnitReportReporter -->
<testsuite skipped="0" hostname="ws-acosanchez" name="com.my_qa_guide.Dependeny_Test.demo.DependencyTestUsingAnnotation" tests="3" failures="0" timestamp="02 abr 2018 08:47:38 GMT" time="0.024" errors="0">
  <testcase name="initEnvironmentTest" time="0.017" classname="com.my_qa_guide.Dependeny_Test.demo.DependencyTestUsingAnnotation"/>
  <testcase name="testSalutationMessage" time="0.001" classname="com.my_qa_guide.Dependeny_Test.demo.DependencyTestUsingAnnotation"/>
  <testcase name="testPrintMessage" time="0.006" classname="com.my_qa_guide.Dependeny_Test.demo.DependencyTestUsingAnnotation"/>
</testsuite> <!-- com.my_qa_guide.Dependeny_Test.demo.DependencyTestUsingAnnotation -->
