<?xml version="1.0" encoding="UTF-8"?>
<!-- Generated by org.testng.reporters.JUnitReportReporter -->
<testsuite skipped="0" hostname="ws-acosanchez" name="com.my_qa_guide.Parameterized_Test.demo.ParamTestWithDataProvider2" tests="1" failures="0" timestamp="02 abr 2018 09:23:23 GMT" time="0.000" errors="0">
  <testcase name="testMethod" time="0.000" classname="com.my_qa_guide.Parameterized_Test.demo.ParamTestWithDataProvider2"/>
</testsuite> <!-- com.my_qa_guide.Parameterized_Test.demo.ParamTestWithDataProvider2 -->
